<?xml version="1.0" encoding="UTF-8"?>
<!-- Generated by org.testng.reporters.JUnitReportReporter -->
<testsuite hostname="DESKTOP-LHS8E8R" failures="0" tests="1" name="TestLayer.RegisterPageTest" time="4.875" errors="0" timestamp="2023-07-23T22:43:30 IST" skipped="0">
  <testcase classname="TestLayer.RegisterPageTest" name="validateRegisterPageFunctionality" time="4.875"/>
  <system-out/>
</testsuite> <!-- TestLayer.RegisterPageTest -->
