<?xml version="1.0" encoding="UTF-8"?>
<!-- Generated by org.testng.reporters.JUnitReportReporter -->
<testsuite hostname="DESKTOP-LHS8E8R" failures="0" tests="2" name="TestLayer.RegisterSuccessPageTest" time="0.156" errors="0" timestamp="2023-07-23T22:43:30 IST" skipped="0">
  <testcase classname="TestLayer.RegisterSuccessPageTest" name="validateSuccessPageUrl" time="0.018"/>
  <system-out/>
  <testcase classname="TestLayer.RegisterSuccessPageTest" name="clickOntheSignUpLinkInSuccessPage" time="0.138"/>
  <system-out/>
</testsuite> <!-- TestLayer.RegisterSuccessPageTest -->
