<?xml version="1.0" encoding="UTF-8"?>
<!-- Generated by org.testng.reporters.JUnitReportReporter -->
<testsuite hostname="DESKTOP-LHS8E8R" failures="0" tests="1" name="TestLayer.LoginSuccessPageTest" time="0.067" errors="0" timestamp="2023-07-23T22:43:30 IST" skipped="0">
  <testcase classname="TestLayer.LoginSuccessPageTest" name="validateLoginSuccessPage" time="0.067"/>
  <system-out/>
</testsuite> <!-- TestLayer.LoginSuccessPageTest -->
