<?xml version="1.0" encoding="UTF-8"?>
<!-- Generated by org.testng.reporters.JUnitReportReporter -->
<testsuite hostname="DESKTOP-LHS8E8R" failures="0" tests="2" name="TestLayer.LoginPageTest" time="9.645" errors="0" timestamp="2023-07-23T22:43:30 IST" skipped="0">
  <testcase classname="TestLayer.LoginPageTest" name="validateLoginPageUrl" time="7.523"/>
  <system-out/>
  <testcase classname="TestLayer.LoginPageTest" name="validateLoginpageFunctionality" time="2.122"/>
  <system-out/>
</testsuite> <!-- TestLayer.LoginPageTest -->
